2023:Mar:13:06:46:+07:00 INFO Старт тест 'топ 20 авто в Приморье'
2023:Mar:13:06:46:+07:00 INFO Регион выбирается успешно
2023:Mar:13:06:47:+07:00 INFO 
+---------------+-------------------------+
| Фирма         |   Количество объявлений |
+===============+=========================+
| Toyota        |                   19100 |
+---------------+-------------------------+
| Honda         |                    6847 |
+---------------+-------------------------+
| Nissan        |                    6116 |
+---------------+-------------------------+
| Subaru        |                    2054 |
+---------------+-------------------------+
| Mitsubishi    |                    1877 |
+---------------+-------------------------+
| Suzuki        |                    1549 |
+---------------+-------------------------+
| Lexus         |                    1457 |
+---------------+-------------------------+
| Mazda         |                    1296 |
+---------------+-------------------------+
| Mercedes-Benz |                     755 |
+---------------+-------------------------+
| Daihatsu      |                     737 |
+---------------+-------------------------+
| BMW           |                     540 |
+---------------+-------------------------+
| Kia           |                     370 |
+---------------+-------------------------+
| Hyundai       |                     354 |
+---------------+-------------------------+
| Volkswagen    |                     246 |
+---------------+-------------------------+
| Infiniti      |                     176 |
+---------------+-------------------------+
| Лада          |                     170 |
+---------------+-------------------------+
| Audi          |                     156 |
+---------------+-------------------------+
| Land Rover    |                     154 |
+---------------+-------------------------+
| УАЗ           |                     140 |
+---------------+-------------------------+
| Ford          |                     135 |
+---------------+-------------------------+
2023:Mar:13:06:47:+07:00 INFO Таблица автомобилей сформирована
2023:Mar:13:06:47:+07:00 INFO Тест завершён
2023:Mar:13:07:08:+07:00 INFO  # Старт тест :
2023:Mar:13:07:08:+07:00 INFO  Данные в поисковик ввели успешно 
2023:Mar:13:07:08:+07:00 INFO  # - Тест завершён - # 
2023:Mar:13:07:08:+07:00 INFO  # - ------------- - # 
2023:Mar:13:07:17:+07:00 INFO  # - Старт тест : test1_filter.py - # 
2023:Mar:13:07:17:+07:00 INFO  Данные в поисковик ввели успешно 
2023:Mar:13:07:17:+07:00 INFO  # - Тест завершён - # 
2023:Mar:13:07:17:+07:00 INFO  # - ------------- - # 
2023:Mar:13:07:22:+07:00 INFO  # - Старт тест : test1_filter.py - # 
2023:Mar:13:07:23:+07:00 INFO  ok Данные в поисковик ввели успешно 
2023:Mar:13:07:23:+07:00 INFO  ok Результаты выдачи соответствуют страниц проверено 2
2023:Mar:13:07:23:+07:00 INFO  # - Тест завершён - # 
2023:Mar:13:07:23:+07:00 INFO  # - ------------- - # 
2023:Mar:13:07:23:+07:00 INFO  # - Старт тест : test1_filter.py - # 
2023:Mar:13:07:23:+07:00 INFO  ok Данные в поисковик ввели успешно 
2023:Mar:13:07:23:+07:00 ERROR ! _ Ошибка в выдаче поисковика _ !
2023:Mar:13:07:23:+07:00 INFO  # - Тест завершён - # 
2023:Mar:13:07:23:+07:00 INFO  # - ------------- - # 
2023:Mar:13:07:27:+07:00 INFO  # - Старт тест : test1_filter.py - # 
2023:Mar:13:07:28:+07:00 INFO  ok Данные в поисковик ввели успешно 
2023:Mar:13:07:28:+07:00 ERROR ! _ Ошибка в выдаче поисковика _ !
2023:Mar:13:07:28:+07:00 INFO  # - Тест завершён - # 
2023:Mar:13:07:28:+07:00 INFO  # - ------------- - # 
2023:Mar:13:07:29:+07:00 INFO  # - Старт тест : test1_filter.py - # 
2023:Mar:13:07:30:+07:00 INFO  ok Данные в поисковик ввели успешно 
2023:Mar:13:07:30:+07:00 ERROR ! _ Год авто не соответствует условиям _ !
2023:Mar:13:07:30:+07:00 ERROR ! _ Ошибка в выдаче поисковика _ !
2023:Mar:13:07:30:+07:00 INFO  # - Тест завершён - # 
2023:Mar:13:07:30:+07:00 INFO  # - ------------- - # 
2023:Mar:13:07:32:+07:00 INFO  # - Старт тест : test1_filter.py - # 
2023:Mar:13:07:32:+07:00 INFO  ok Данные в поисковик ввели успешно 
2023:Mar:13:07:32:+07:00 INFO  ok Результаты выдачи соответствуют страниц проверено 2
2023:Mar:13:07:32:+07:00 INFO  # - Тест завершён - # 
2023:Mar:13:07:32:+07:00 INFO  # - ------------- - # 
2023:Mar:13:07:48:+07:00 INFO  # - Старт тест : test1_filter.py - # 
2023:Mar:13:07:49:+07:00 INFO  ok Данные в поисковик ввели успешно 
2023:Mar:13:07:49:+07:00 INFO  ok Результаты выдачи соответствуют страниц проверено 2
2023:Mar:13:07:49:+07:00 INFO  # - Тест завершён - # 
2023:Mar:13:07:49:+07:00 INFO  # - ------------- - # 
2023:Mar:13:07:49:+07:00 INFO  # - Старт тест : test2_login_and_favorites - # 
2023:Mar:13:07:49:+07:00 INFO  # - Старт тест : test3_select_top20 - # 
2023:Mar:13:07:49:+07:00 INFO Регион выбирается успешно
2023:Mar:13:07:50:+07:00 INFO  ok Таблица автомобилей сформирована
2023:Mar:13:07:50:+07:00 INFO 
+---------------+-------------------------+
| Фирма         |   Количество объявлений |
+===============+=========================+
| Toyota        |                   19124 |
+---------------+-------------------------+
| Honda         |                    6856 |
+---------------+-------------------------+
| Nissan        |                    6122 |
+---------------+-------------------------+
| Subaru        |                    2055 |
+---------------+-------------------------+
| Mitsubishi    |                    1879 |
+---------------+-------------------------+
| Suzuki        |                    1550 |
+---------------+-------------------------+
| Lexus         |                    1457 |
+---------------+-------------------------+
| Mazda         |                    1298 |
+---------------+-------------------------+
| Mercedes-Benz |                     756 |
+---------------+-------------------------+
| Daihatsu      |                     737 |
+---------------+-------------------------+
| BMW           |                     541 |
+---------------+-------------------------+
| Kia           |                     369 |
+---------------+-------------------------+
| Hyundai       |                     357 |
+---------------+-------------------------+
| Volkswagen    |                     246 |
+---------------+-------------------------+
| Infiniti      |                     176 |
+---------------+-------------------------+
| Лада          |                     171 |
+---------------+-------------------------+
| Audi          |                     156 |
+---------------+-------------------------+
| Land Rover    |                     154 |
+---------------+-------------------------+
| УАЗ           |                     140 |
+---------------+-------------------------+
| Ford          |                     135 |
+---------------+-------------------------+
2023:Mar:13:07:50:+07:00 INFO  # - Тест завершён - # 
2023:Mar:13:07:50:+07:00 INFO  # - ------------- - # 
2023:Mar:13:07:54:+07:00 INFO  # - Старт тест : test2_login_and_favorites.py - # 
2023:Mar:13:07:55:+07:00 INFO ok Браузер запущен успешно 
2023:Mar:13:07:55:+07:00 INFO ok Авторизация прошла успешно 
2023:Mar:13:07:55:+07:00 INFO  # - Тест завершён - # 
2023:Mar:13:07:55:+07:00 INFO  # - ------------- - # 
2023:Mar:13:07:55:+07:00 INFO  # - Старт тест : test1_filter.py - # 
2023:Mar:13:07:55:+07:00 INFO  ok Данные в поисковик ввели успешно 
2023:Mar:13:07:55:+07:00 INFO  ok Результаты выдачи соответствуют страниц проверено 2
2023:Mar:13:07:55:+07:00 INFO  # - Тест завершён - # 
2023:Mar:13:07:55:+07:00 INFO  # - Старт тест : test3_select_top20.py - # 
2023:Mar:13:07:55:+07:00 INFO  ok Регион выбирается успешно
2023:Mar:13:07:56:+07:00 INFO  ok Таблица автомобилей сформирована
2023:Mar:13:07:56:+07:00 INFO 
+---------------+-------------------------+
| Фирма         |   Количество объявлений |
+===============+=========================+
| Toyota        |                   19124 |
+---------------+-------------------------+
| Honda         |                    6856 |
+---------------+-------------------------+
| Nissan        |                    6122 |
+---------------+-------------------------+
| Subaru        |                    2055 |
+---------------+-------------------------+
| Mitsubishi    |                    1879 |
+---------------+-------------------------+
| Suzuki        |                    1550 |
+---------------+-------------------------+
| Lexus         |                    1457 |
+---------------+-------------------------+
| Mazda         |                    1298 |
+---------------+-------------------------+
| Mercedes-Benz |                     756 |
+---------------+-------------------------+
| Daihatsu      |                     737 |
+---------------+-------------------------+
| BMW           |                     541 |
+---------------+-------------------------+
| Kia           |                     369 |
+---------------+-------------------------+
| Hyundai       |                     357 |
+---------------+-------------------------+
| Volkswagen    |                     246 |
+---------------+-------------------------+
| Infiniti      |                     176 |
+---------------+-------------------------+
| Лада          |                     171 |
+---------------+-------------------------+
| Audi          |                     156 |
+---------------+-------------------------+
| Land Rover    |                     154 |
+---------------+-------------------------+
| УАЗ           |                     140 |
+---------------+-------------------------+
| Ford          |                     135 |
+---------------+-------------------------+
2023:Mar:13:07:56:+07:00 INFO  # - Тест завершён - # 
2023:Mar:13:07:56:+07:00 INFO  # - ------------- - # 
2023:Mar:13:07:58:+07:00 INFO  # - Старт тест : test2_login_and_favorites.py - # 
2023:Mar:13:07:58:+07:00 INFO  ok Браузер запущен успешно 
2023:Mar:13:07:58:+07:00 INFO  ok Авторизация прошла успешно 
2023:Mar:13:07:58:+07:00 INFO  # - Тест завершён - # 
2023:Mar:13:07:58:+07:00 INFO  # - Старт тест : test1_filter.py - # 
2023:Mar:13:07:58:+07:00 INFO  ok Данные в поисковик ввели успешно 
2023:Mar:13:07:58:+07:00 INFO  ok Результаты выдачи соответствуют страниц проверено 2
2023:Mar:13:07:58:+07:00 INFO  # - Тест завершён - # 
2023:Mar:13:07:58:+07:00 INFO  # - Старт тест : test3_select_top20.py - # 
2023:Mar:13:07:58:+07:00 INFO  ok Регион выбирается успешно
2023:Mar:13:07:59:+07:00 INFO  ok Таблица автомобилей сформирована
2023:Mar:13:07:59:+07:00 INFO 
+---------------+-------------------------+
| Фирма         |   Количество объявлений |
+===============+=========================+
| Toyota        |                   19124 |
+---------------+-------------------------+
| Honda         |                    6856 |
+---------------+-------------------------+
| Nissan        |                    6122 |
+---------------+-------------------------+
| Subaru        |                    2055 |
+---------------+-------------------------+
| Mitsubishi    |                    1879 |
+---------------+-------------------------+
| Suzuki        |                    1550 |
+---------------+-------------------------+
| Lexus         |                    1457 |
+---------------+-------------------------+
| Mazda         |                    1298 |
+---------------+-------------------------+
| Mercedes-Benz |                     756 |
+---------------+-------------------------+
| Daihatsu      |                     737 |
+---------------+-------------------------+
| BMW           |                     541 |
+---------------+-------------------------+
| Kia           |                     369 |
+---------------+-------------------------+
| Hyundai       |                     357 |
+---------------+-------------------------+
| Volkswagen    |                     246 |
+---------------+-------------------------+
| Infiniti      |                     176 |
+---------------+-------------------------+
| Лада          |                     171 |
+---------------+-------------------------+
| Audi          |                     156 |
+---------------+-------------------------+
| Land Rover    |                     154 |
+---------------+-------------------------+
| УАЗ           |                     140 |
+---------------+-------------------------+
| Ford          |                     135 |
+---------------+-------------------------+
2023:Mar:13:07:59:+07:00 INFO  # - Тест завершён - # 
2023:Mar:13:07:59:+07:00 INFO  # - ------------- - # 
2023:Mar:13:08:03:+07:00 INFO  # - Старт тест : test2_login_and_favorites.py - # 
2023:Mar:13:08:03:+07:00 INFO  ok Браузер запущен успешно 
2023:Mar:13:08:03:+07:00 INFO  ok Авторизация прошла успешно 
2023:Mar:13:08:03:+07:00 INFO  ok Авто добавлено и удалено из избранного 
2023:Mar:13:08:03:+07:00 INFO  # - Тест завершён - # 
2023:Mar:13:08:03:+07:00 INFO  # - Старт тест : test1_filter.py - # 
2023:Mar:13:08:03:+07:00 INFO  ok Данные в поисковик введены успешно 
2023:Mar:13:08:03:+07:00 INFO  ok Результаты выдачи соответствуют страниц проверено 2
2023:Mar:13:08:03:+07:00 INFO  # - Тест завершён - # 
2023:Mar:13:08:03:+07:00 INFO  # - Старт тест : test3_select_top20.py - # 
2023:Mar:13:08:03:+07:00 INFO  ok Регион выбирается успешно
2023:Mar:13:08:04:+07:00 INFO  ok Таблица автомобилей сформирована
2023:Mar:13:08:04:+07:00 INFO 
+---------------+-------------------------+
| Фирма         |   Количество объявлений |
+===============+=========================+
| Toyota        |                   19124 |
+---------------+-------------------------+
| Honda         |                    6856 |
+---------------+-------------------------+
| Nissan        |                    6122 |
+---------------+-------------------------+
| Subaru        |                    2055 |
+---------------+-------------------------+
| Mitsubishi    |                    1879 |
+---------------+-------------------------+
| Suzuki        |                    1550 |
+---------------+-------------------------+
| Lexus         |                    1457 |
+---------------+-------------------------+
| Mazda         |                    1298 |
+---------------+-------------------------+
| Mercedes-Benz |                     756 |
+---------------+-------------------------+
| Daihatsu      |                     737 |
+---------------+-------------------------+
| BMW           |                     541 |
+---------------+-------------------------+
| Kia           |                     369 |
+---------------+-------------------------+
| Hyundai       |                     357 |
+---------------+-------------------------+
| Volkswagen    |                     246 |
+---------------+-------------------------+
| Infiniti      |                     176 |
+---------------+-------------------------+
| Лада          |                     171 |
+---------------+-------------------------+
| Audi          |                     156 |
+---------------+-------------------------+
| Land Rover    |                     154 |
+---------------+-------------------------+
| УАЗ           |                     140 |
+---------------+-------------------------+
| Ford          |                     135 |
+---------------+-------------------------+
2023:Mar:13:08:04:+07:00 INFO  # - Тест завершён - # 
2023:Mar:13:08:04:+07:00 INFO  # - ------------- - # 
